<?xml version="1.0" encoding="UTF-8"?>
<testsuites>
  <testsuite name="" tests="288" assertions="874" errors="0" warnings="0" failures="0" skipped="0" time="6.541393">
    <testsuite name="unit" tests="97" assertions="291" errors="0" warnings="0" failures="0" skipped="0" time="0.040000">
      <testsuite name="Test_Encryption" file="/Users/paulramotowski/Documents/GitHub/amazon-price-tracker/tests/unit/test-encryption.php" tests="14" assertions="18" errors="0" warnings="0" failures="0" skipped="0" time="0.007419">
        <testcase name="test_encrypt_decrypt_round_trip" class="Test_Encryption" classname="Test_Encryption" file="/Users/paulramotowski/Documents/GitHub/amazon-price-tracker/tests/unit/test-encryption.php" line="29" assertions="2" time="0.002053"/>
        <testcase name="test_encrypt_decrypt_round_trip_with_unicode" class="Test_Encryption" classname="Test_Encryption" file="/Users/paulramotowski/Documents/GitHub/amazon-price-tracker/tests/unit/test-encryption.php" line="42" assertions="1" time="0.000653"/>
        <testcase name="test_encrypt_empty_string" class="Test_Encryption" classname="Test_Encryption" file="/Users/paulramotowski/Documents/GitHub/amazon-price-tracker/tests/unit/test-encryption.php" line="54" assertions="1" time="0.000450"/>
        <testcase name="test_decrypt_empty_string" class="Test_Encryption" classname="Test_Encryption" file="/Users/paulramotowski/Documents/GitHub/amazon-price-tracker/tests/unit/test-encryption.php" line="61" assertions="1" time="0.000376"/>
        <testcase name="test_encrypt_uses_random_iv" class="Test_Encryption" classname="Test_Encryption" file="/Users/paulramotowski/Documents/GitHub/amazon-price-tracker/tests/unit/test-encryption.php" line="69" assertions="3" time="0.000427"/>
        <testcase name="test_decrypt_invalid_data_returns_empty_string" class="Test_Encryption" classname="Test_Encryption" file="/Users/paulramotowski/Documents/GitHub/amazon-price-tracker/tests/unit/test-encryption.php" line="84" assertions="1" time="0.000361"/>
        <testcase name="test_mask_default_visible_chars" class="Test_Encryption" classname="Test_Encryption" file="/Users/paulramotowski/Documents/GitHub/amazon-price-tracker/tests/unit/test-encryption.php" line="93" assertions="1" time="0.000443"/>
        <testcase name="test_mask_just_above_threshold_is_partially_redacted" class="Test_Encryption" classname="Test_Encryption" file="/Users/paulramotowski/Documents/GitHub/amazon-price-tracker/tests/unit/test-encryption.php" line="104" assertions="1" time="0.000372"/>
        <testcase name="test_mask_custom_visible_chars" class="Test_Encryption" classname="Test_Encryption" file="/Users/paulramotowski/Documents/GitHub/amazon-price-tracker/tests/unit/test-encryption.php" line="113" assertions="1" time="0.000370"/>
        <testcase name="test_mask_short_string_fully_redacted" class="Test_Encryption" classname="Test_Encryption" file="/Users/paulramotowski/Documents/GitHub/amazon-price-tracker/tests/unit/test-encryption.php" line="123" assertions="1" time="0.000424"/>
        <testcase name="test_mask_boundary_length_fully_redacted" class="Test_Encryption" classname="Test_Encryption" file="/Users/paulramotowski/Documents/GitHub/amazon-price-tracker/tests/unit/test-encryption.php" line="133" assertions="1" time="0.000346"/>
        <testcase name="test_encrypt_returns_empty_string_when_openssl_encrypt_fails" class="Test_Encryption" classname="Test_Encryption" file="/Users/paulramotowski/Documents/GitHub/amazon-price-tracker/tests/unit/test-encryption.php" line="143" assertions="1" time="0.000364"/>
        <testcase name="test_decrypt_returns_empty_string_when_base64_decode_fails" class="Test_Encryption" classname="Test_Encryption" file="/Users/paulramotowski/Documents/GitHub/amazon-price-tracker/tests/unit/test-encryption.php" line="153" assertions="1" time="0.000351"/>
        <testcase name="test_get_key_derives_from_auth_key" class="Test_Encryption" classname="Test_Encryption" file="/Users/paulramotowski/Documents/GitHub/amazon-price-tracker/tests/unit/test-encryption.php" line="168" assertions="2" time="0.000427"/>
      </testsuite>
      <testsuite name="Test_Regions" file="/Users/paulramotowski/Documents/GitHub/amazon-price-tracker/tests/unit/test-regions.php" tests="13" assertions="78" errors="0" warnings="0" failures="0" skipped="0" time="0.006037">
        <testcase name="test_get_all_returns_all_regions" class="Test_Regions" classname="Test_Regions" file="/Users/paulramotowski/Documents/GitHub/amazon-price-tracker/tests/unit/test-regions.php" line="18" assertions="4" time="0.000797"/>
        <testcase name="test_get_all_region_entries_have_expected_fields" class="Test_Regions" classname="Test_Regions" file="/Users/paulramotowski/Documents/GitHub/amazon-price-tracker/tests/unit/test-regions.php" line="30" assertions="48" time="0.000471"/>
        <testcase name="test_get_with_valid_code" class="Test_Regions" classname="Test_Regions" file="/Users/paulramotowski/Documents/GitHub/amazon-price-tracker/tests/unit/test-regions.php" line="44" assertions="4" time="0.000544"/>
        <testcase name="test_get_is_case_insensitive" class="Test_Regions" classname="Test_Regions" file="/Users/paulramotowski/Documents/GitHub/amazon-price-tracker/tests/unit/test-regions.php" line="56" assertions="2" time="0.000379"/>
        <testcase name="test_get_with_invalid_code_returns_null" class="Test_Regions" classname="Test_Regions" file="/Users/paulramotowski/Documents/GitHub/amazon-price-tracker/tests/unit/test-regions.php" line="66" assertions="1" time="0.000395"/>
        <testcase name="test_is_valid" class="Test_Regions" classname="Test_Regions" file="/Users/paulramotowski/Documents/GitHub/amazon-price-tracker/tests/unit/test-regions.php" line="73" assertions="4" time="0.000421"/>
        <testcase name="test_get_codes" class="Test_Regions" classname="Test_Regions" file="/Users/paulramotowski/Documents/GitHub/amazon-price-tracker/tests/unit/test-regions.php" line="83" assertions="3" time="0.000923"/>
        <testcase name="test_get_currency" class="Test_Regions" classname="Test_Regions" file="/Users/paulramotowski/Documents/GitHub/amazon-price-tracker/tests/unit/test-regions.php" line="94" assertions="3" time="0.000350"/>
        <testcase name="test_get_marketplace_domain" class="Test_Regions" classname="Test_Regions" file="/Users/paulramotowski/Documents/GitHub/amazon-price-tracker/tests/unit/test-regions.php" line="103" assertions="2" time="0.000360"/>
        <testcase name="test_get_product_url_without_partner_tag" class="Test_Regions" classname="Test_Regions" file="/Users/paulramotowski/Documents/GitHub/amazon-price-tracker/tests/unit/test-regions.php" line="111" assertions="1" time="0.000357"/>
        <testcase name="test_get_product_url_with_partner_tag" class="Test_Regions" classname="Test_Regions" file="/Users/paulramotowski/Documents/GitHub/amazon-price-tracker/tests/unit/test-regions.php" line="120" assertions="1" time="0.000340"/>
        <testcase name="test_get_product_url_with_invalid_region_returns_null" class="Test_Regions" classname="Test_Regions" file="/Users/paulramotowski/Documents/GitHub/amazon-price-tracker/tests/unit/test-regions.php" line="129" assertions="1" time="0.000354"/>
        <testcase name="test_get_for_api" class="Test_Regions" classname="Test_Regions" file="/Users/paulramotowski/Documents/GitHub/amazon-price-tracker/tests/unit/test-regions.php" line="136" assertions="4" time="0.000347"/>
      </testsuite>
      <testsuite name="Test_Response" file="/Users/paulramotowski/Documents/GitHub/amazon-price-tracker/tests/unit/test-response.php" tests="28" assertions="76" errors="0" warnings="0" failures="0" skipped="0" time="0.010242">
        <testcase name="test_success_defaults_to_200" class="Test_Response" classname="Test_Response" file="/Users/paulramotowski/Documents/GitHub/amazon-price-tracker/tests/unit/test-response.php" line="18" assertions="3" time="0.000609"/>
        <testcase name="test_success_with_custom_status" class="Test_Response" classname="Test_Response" file="/Users/paulramotowski/Documents/GitHub/amazon-price-tracker/tests/unit/test-response.php" line="29" assertions="1" time="0.000353"/>
        <testcase name="test_paginated" class="Test_Response" classname="Test_Response" file="/Users/paulramotowski/Documents/GitHub/amazon-price-tracker/tests/unit/test-response.php" line="38" assertions="3" time="0.000337"/>
        <testcase name="test_build_pagination_middle_page" class="Test_Response" classname="Test_Response" file="/Users/paulramotowski/Documents/GitHub/amazon-price-tracker/tests/unit/test-response.php" line="53" assertions="6" time="0.000335"/>
        <testcase name="test_build_pagination_first_page" class="Test_Response" classname="Test_Response" file="/Users/paulramotowski/Documents/GitHub/amazon-price-tracker/tests/unit/test-response.php" line="67" assertions="2" time="0.000350"/>
        <testcase name="test_build_pagination_last_page" class="Test_Response" classname="Test_Response" file="/Users/paulramotowski/Documents/GitHub/amazon-price-tracker/tests/unit/test-response.php" line="77" assertions="2" time="0.000336"/>
        <testcase name="test_build_pagination_with_zero_items" class="Test_Response" classname="Test_Response" file="/Users/paulramotowski/Documents/GitHub/amazon-price-tracker/tests/unit/test-response.php" line="87" assertions="3" time="0.000349"/>
        <testcase name="test_build_pagination_with_zero_per_page" class="Test_Response" classname="Test_Response" file="/Users/paulramotowski/Documents/GitHub/amazon-price-tracker/tests/unit/test-response.php" line="98" assertions="1" time="0.000342"/>
        <testcase name="test_build_pagination_rounds_up_not_to_nearest" class="Test_Response" classname="Test_Response" file="/Users/paulramotowski/Documents/GitHub/amazon-price-tracker/tests/unit/test-response.php" line="109" assertions="1" time="0.000337"/>
        <testcase name="test_error" class="Test_Response" classname="Test_Response" file="/Users/paulramotowski/Documents/GitHub/amazon-price-tracker/tests/unit/test-response.php" line="118" assertions="5" time="0.000367"/>
        <testcase name="test_error_defaults_to_400" class="Test_Response" classname="Test_Response" file="/Users/paulramotowski/Documents/GitHub/amazon-price-tracker/tests/unit/test-response.php" line="131" assertions="1" time="0.000344"/>
        <testcase name="test_error_with_details" class="Test_Response" classname="Test_Response" file="/Users/paulramotowski/Documents/GitHub/amazon-price-tracker/tests/unit/test-response.php" line="140" assertions="1" time="0.000345"/>
        <testcase name="test_validation_error" class="Test_Response" classname="Test_Response" file="/Users/paulramotowski/Documents/GitHub/amazon-price-tracker/tests/unit/test-response.php" line="149" assertions="3" time="0.000356"/>
        <testcase name="test_not_found" class="Test_Response" classname="Test_Response" file="/Users/paulramotowski/Documents/GitHub/amazon-price-tracker/tests/unit/test-response.php" line="161" assertions="4" time="0.000383"/>
        <testcase name="test_forbidden" class="Test_Response" classname="Test_Response" file="/Users/paulramotowski/Documents/GitHub/amazon-price-tracker/tests/unit/test-response.php" line="175" assertions="3" time="0.000370"/>
        <testcase name="test_conflict" class="Test_Response" classname="Test_Response" file="/Users/paulramotowski/Documents/GitHub/amazon-price-tracker/tests/unit/test-response.php" line="186" assertions="3" time="0.000364"/>
        <testcase name="test_rate_limit_exceeded" class="Test_Response" classname="Test_Response" file="/Users/paulramotowski/Documents/GitHub/amazon-price-tracker/tests/unit/test-response.php" line="197" assertions="5" time="0.000380"/>
        <testcase name="test_blacklisted_without_reason" class="Test_Response" classname="Test_Response" file="/Users/paulramotowski/Documents/GitHub/amazon-price-tracker/tests/unit/test-response.php" line="211" assertions="3" time="0.000342"/>
        <testcase name="test_blacklisted_with_reason" class="Test_Response" classname="Test_Response" file="/Users/paulramotowski/Documents/GitHub/amazon-price-tracker/tests/unit/test-response.php" line="222" assertions="2" time="0.000339"/>
        <testcase name="test_amazon_api_error" class="Test_Response" classname="Test_Response" file="/Users/paulramotowski/Documents/GitHub/amazon-price-tracker/tests/unit/test-response.php" line="232" assertions="2" time="0.000357"/>
        <testcase name="test_asin_not_found" class="Test_Response" classname="Test_Response" file="/Users/paulramotowski/Documents/GitHub/amazon-price-tracker/tests/unit/test-response.php" line="242" assertions="2" time="0.000349"/>
        <testcase name="test_missing_partner_tag" class="Test_Response" classname="Test_Response" file="/Users/paulramotowski/Documents/GitHub/amazon-price-tracker/tests/unit/test-response.php" line="252" assertions="3" time="0.000418"/>
        <testcase name="test_not_configured" class="Test_Response" classname="Test_Response" file="/Users/paulramotowski/Documents/GitHub/amazon-price-tracker/tests/unit/test-response.php" line="263" assertions="3" time="0.000373"/>
        <testcase name="test_bulk_result" class="Test_Response" classname="Test_Response" file="/Users/paulramotowski/Documents/GitHub/amazon-price-tracker/tests/unit/test-response.php" line="274" assertions="4" time="0.000364"/>
        <testcase name="test_no_content" class="Test_Response" classname="Test_Response" file="/Users/paulramotowski/Documents/GitHub/amazon-price-tracker/tests/unit/test-response.php" line="288" assertions="2" time="0.000361"/>
        <testcase name="test_created" class="Test_Response" classname="Test_Response" file="/Users/paulramotowski/Documents/GitHub/amazon-price-tracker/tests/unit/test-response.php" line="298" assertions="2" time="0.000359"/>
        <testcase name="test_created_with_rate_limit" class="Test_Response" classname="Test_Response" file="/Users/paulramotowski/Documents/GitHub/amazon-price-tracker/tests/unit/test-response.php" line="308" assertions="5" time="0.000366"/>
        <testcase name="test_add_rate_limit_headers_clamps_negative_remaining" class="Test_Response" classname="Test_Response" file="/Users/paulramotowski/Documents/GitHub/amazon-price-tracker/tests/unit/test-response.php" line="322" assertions="1" time="0.000358"/>
      </testsuite>
      <testsuite name="Test_Validation" file="/Users/paulramotowski/Documents/GitHub/amazon-price-tracker/tests/unit/test-validation.php" tests="42" assertions="119" errors="0" warnings="0" failures="0" skipped="0" time="0.016301">
        <testcase name="test_is_valid_asin_with_valid_asins" class="Test_Validation" classname="Test_Validation" file="/Users/paulramotowski/Documents/GitHub/amazon-price-tracker/tests/unit/test-validation.php" line="18" assertions="4" time="0.000636"/>
        <testcase name="test_is_valid_asin_with_invalid_asins" class="Test_Validation" classname="Test_Validation" file="/Users/paulramotowski/Documents/GitHub/amazon-price-tracker/tests/unit/test-validation.php" line="37" assertions="5" time="0.000445"/>
        <testcase name="test_is_valid_asin_is_case_insensitive" class="Test_Validation" classname="Test_Validation" file="/Users/paulramotowski/Documents/GitHub/amazon-price-tracker/tests/unit/test-validation.php" line="57" assertions="1" time="0.000413"/>
        <testcase name="test_normalize_asin" class="Test_Validation" classname="Test_Validation" file="/Users/paulramotowski/Documents/GitHub/amazon-price-tracker/tests/unit/test-validation.php" line="67" assertions="3" time="0.000540"/>
        <testcase name="test_is_valid_region_with_valid_regions" class="Test_Validation" classname="Test_Validation" file="/Users/paulramotowski/Documents/GitHub/amazon-price-tracker/tests/unit/test-validation.php" line="76" assertions="12" time="0.000382"/>
        <testcase name="test_is_valid_region_with_invalid_regions" class="Test_Validation" classname="Test_Validation" file="/Users/paulramotowski/Documents/GitHub/amazon-price-tracker/tests/unit/test-validation.php" line="90" assertions="5" time="0.000366"/>
        <testcase name="test_is_valid_region_is_case_insensitive" class="Test_Validation" classname="Test_Validation" file="/Users/paulramotowski/Documents/GitHub/amazon-price-tracker/tests/unit/test-validation.php" line="104" assertions="1" time="0.000362"/>
        <testcase name="test_normalize_region" class="Test_Validation" classname="Test_Validation" file="/Users/paulramotowski/Documents/GitHub/amazon-price-tracker/tests/unit/test-validation.php" line="114" assertions="3" time="0.000356"/>
        <testcase name="test_validate_region_list" class="Test_Validation" classname="Test_Validation" file="/Users/paulramotowski/Documents/GitHub/amazon-price-tracker/tests/unit/test-validation.php" line="123" assertions="3" time="0.000371"/>
        <testcase name="test_validate_bool" class="Test_Validation" classname="Test_Validation" file="/Users/paulramotowski/Documents/GitHub/amazon-price-tracker/tests/unit/test-validation.php" line="137" assertions="11" time="0.000365"/>
        <testcase name="test_validate_bool_trims_and_lowercases_strings" class="Test_Validation" classname="Test_Validation" file="/Users/paulramotowski/Documents/GitHub/amazon-price-tracker/tests/unit/test-validation.php" line="158" assertions="1" time="0.000404"/>
        <testcase name="test_validate_sort_order" class="Test_Validation" classname="Test_Validation" file="/Users/paulramotowski/Documents/GitHub/amazon-price-tracker/tests/unit/test-validation.php" line="165" assertions="6" time="0.000338"/>
        <testcase name="test_validate_sort_order_trims_whitespace" class="Test_Validation" classname="Test_Validation" file="/Users/paulramotowski/Documents/GitHub/amazon-price-tracker/tests/unit/test-validation.php" line="178" assertions="1" time="0.000360"/>
        <testcase name="test_validate_aggregation" class="Test_Validation" classname="Test_Validation" file="/Users/paulramotowski/Documents/GitHub/amazon-price-tracker/tests/unit/test-validation.php" line="185" assertions="6" time="0.000366"/>
        <testcase name="test_validate_aggregation_trims_and_lowercases" class="Test_Validation" classname="Test_Validation" file="/Users/paulramotowski/Documents/GitHub/amazon-price-tracker/tests/unit/test-validation.php" line="198" assertions="1" time="0.000362"/>
        <testcase name="test_validate_category" class="Test_Validation" classname="Test_Validation" file="/Users/paulramotowski/Documents/GitHub/amazon-price-tracker/tests/unit/test-validation.php" line="205" assertions="4" time="0.000373"/>
        <testcase name="test_validate_category_truncates_long_values" class="Test_Validation" classname="Test_Validation" file="/Users/paulramotowski/Documents/GitHub/amazon-price-tracker/tests/unit/test-validation.php" line="216" assertions="2" time="0.000366"/>
        <testcase name="test_validate_datetime" class="Test_Validation" classname="Test_Validation" file="/Users/paulramotowski/Documents/GitHub/amazon-price-tracker/tests/unit/test-validation.php" line="230" assertions="4" time="0.000420"/>
        <testcase name="test_validate_pagination_within_bounds" class="Test_Validation" classname="Test_Validation" file="/Users/paulramotowski/Documents/GitHub/amazon-price-tracker/tests/unit/test-validation.php" line="243" assertions="1" time="0.000360"/>
        <testcase name="test_validate_pagination_defaults" class="Test_Validation" classname="Test_Validation" file="/Users/paulramotowski/Documents/GitHub/amazon-price-tracker/tests/unit/test-validation.php" line="252" assertions="1" time="0.000359"/>
        <testcase name="test_validate_pagination_clamps_page_below_one" class="Test_Validation" classname="Test_Validation" file="/Users/paulramotowski/Documents/GitHub/amazon-price-tracker/tests/unit/test-validation.php" line="261" assertions="2" time="0.000359"/>
        <testcase name="test_validate_pagination_clamps_per_page_below_one" class="Test_Validation" classname="Test_Validation" file="/Users/paulramotowski/Documents/GitHub/amazon-price-tracker/tests/unit/test-validation.php" line="269" assertions="1" time="0.000354"/>
        <testcase name="test_validate_pagination_clamps_per_page_above_max" class="Test_Validation" classname="Test_Validation" file="/Users/paulramotowski/Documents/GitHub/amazon-price-tracker/tests/unit/test-validation.php" line="276" assertions="1" time="0.000352"/>
        <testcase name="test_validate_pagination_clamps_per_page_against_default_max" class="Test_Validation" classname="Test_Validation" file="/Users/paulramotowski/Documents/GitHub/amazon-price-tracker/tests/unit/test-validation.php" line="285" assertions="1" time="0.000362"/>
        <testcase name="test_validate_availability_with_valid_statuses" class="Test_Validation" classname="Test_Validation" file="/Users/paulramotowski/Documents/GitHub/amazon-price-tracker/tests/unit/test-validation.php" line="292" assertions="5" time="0.000366"/>
        <testcase name="test_validate_availability_is_case_insensitive" class="Test_Validation" classname="Test_Validation" file="/Users/paulramotowski/Documents/GitHub/amazon-price-tracker/tests/unit/test-validation.php" line="303" assertions="1" time="0.000350"/>
        <testcase name="test_validate_availability_with_invalid_status_returns_null" class="Test_Validation" classname="Test_Validation" file="/Users/paulramotowski/Documents/GitHub/amazon-price-tracker/tests/unit/test-validation.php" line="310" assertions="2" time="0.000362"/>
        <testcase name="test_validate_product_sort_field_with_valid_fields" class="Test_Validation" classname="Test_Validation" file="/Users/paulramotowski/Documents/GitHub/amazon-price-tracker/tests/unit/test-validation.php" line="318" assertions="5" time="0.000365"/>
        <testcase name="test_validate_product_sort_field_is_case_insensitive" class="Test_Validation" classname="Test_Validation" file="/Users/paulramotowski/Documents/GitHub/amazon-price-tracker/tests/unit/test-validation.php" line="329" assertions="1" time="0.000358"/>
        <testcase name="test_validate_product_sort_field_defaults_to_created_at" class="Test_Validation" classname="Test_Validation" file="/Users/paulramotowski/Documents/GitHub/amazon-price-tracker/tests/unit/test-validation.php" line="336" assertions="2" time="0.000358"/>
        <testcase name="test_validate_search_query_with_valid_query" class="Test_Validation" classname="Test_Validation" file="/Users/paulramotowski/Documents/GitHub/amazon-price-tracker/tests/unit/test-validation.php" line="344" assertions="1" time="0.000362"/>
        <testcase name="test_validate_search_query_trims_whitespace" class="Test_Validation" classname="Test_Validation" file="/Users/paulramotowski/Documents/GitHub/amazon-price-tracker/tests/unit/test-validation.php" line="351" assertions="1" time="0.000382"/>
        <testcase name="test_validate_search_query_too_short_returns_null" class="Test_Validation" classname="Test_Validation" file="/Users/paulramotowski/Documents/GitHub/amazon-price-tracker/tests/unit/test-validation.php" line="358" assertions="1" time="0.000385"/>
        <testcase name="test_validate_search_query_at_default_min_length" class="Test_Validation" classname="Test_Validation" file="/Users/paulramotowski/Documents/GitHub/amazon-price-tracker/tests/unit/test-validation.php" line="366" assertions="1" time="0.000389"/>
        <testcase name="test_validate_search_query_respects_custom_min_length" class="Test_Validation" classname="Test_Validation" file="/Users/paulramotowski/Documents/GitHub/amazon-price-tracker/tests/unit/test-validation.php" line="373" assertions="2" time="0.000380"/>
        <testcase name="test_validate_price_with_valid_values" class="Test_Validation" classname="Test_Validation" file="/Users/paulramotowski/Documents/GitHub/amazon-price-tracker/tests/unit/test-validation.php" line="381" assertions="3" time="0.000386"/>
        <testcase name="test_validate_price_rounds_to_two_decimals" class="Test_Validation" classname="Test_Validation" file="/Users/paulramotowski/Documents/GitHub/amazon-price-tracker/tests/unit/test-validation.php" line="390" assertions="2" time="0.000400"/>
        <testcase name="test_validate_price_with_negative_value_returns_null" class="Test_Validation" classname="Test_Validation" file="/Users/paulramotowski/Documents/GitHub/amazon-price-tracker/tests/unit/test-validation.php" line="398" assertions="2" time="0.000383"/>
        <testcase name="test_validate_price_with_non_numeric_value_returns_null" class="Test_Validation" classname="Test_Validation" file="/Users/paulramotowski/Documents/GitHub/amazon-price-tracker/tests/unit/test-validation.php" line="406" assertions="3" time="0.000380"/>
        <testcase name="test_build_validation_error" class="Test_Validation" classname="Test_Validation" file="/Users/paulramotowski/Documents/GitHub/amazon-price-tracker/tests/unit/test-validation.php" line="415" assertions="3" time="0.000397"/>
        <testcase name="test_add_field_error_appends_to_empty_array" class="Test_Validation" classname="Test_Validation" file="/Users/paulramotowski/Documents/GitHub/amazon-price-tracker/tests/unit/test-validation.php" line="427" assertions="2" time="0.000487"/>
        <testcase name="test_add_field_error_appends_to_existing_array" class="Test_Validation" classname="Test_Validation" file="/Users/paulramotowski/Documents/GitHub/amazon-price-tracker/tests/unit/test-validation.php" line="438" assertions="2" time="0.000442"/>
      </testsuite>
    </testsuite>
    <testsuite name="component" tests="191" assertions="583" errors="0" warnings="0" failures="0" skipped="0" time="6.501394">
      <testsuite name="Test_Blacklist_Controller_Component" file="/Users/paulramotowski/Documents/GitHub/amazon-price-tracker/tests/component/test-blacklist-controller.php" tests="15" assertions="32" errors="0" warnings="0" failures="0" skipped="0" time="0.228381">
        <testcase name="test_get_items_requires_authentication" class="Test_Blacklist_Controller_Component" classname="Test_Blacklist_Controller_Component" file="/Users/paulramotowski/Documents/GitHub/amazon-price-tracker/tests/component/test-blacklist-controller.php" line="91" assertions="1" time="0.008689"/>
        <testcase name="test_get_items_forbidden_for_non_admin" class="Test_Blacklist_Controller_Component" classname="Test_Blacklist_Controller_Component" file="/Users/paulramotowski/Documents/GitHub/amazon-price-tracker/tests/component/test-blacklist-controller.php" line="97" assertions="1" time="0.020380"/>
        <testcase name="test_get_items_returns_paginated_entries" class="Test_Blacklist_Controller_Component" classname="Test_Blacklist_Controller_Component" file="/Users/paulramotowski/Documents/GitHub/amazon-price-tracker/tests/component/test-blacklist-controller.php" line="108" assertions="3" time="0.019285"/>
        <testcase name="test_get_items_filters_by_region" class="Test_Blacklist_Controller_Component" classname="Test_Blacklist_Controller_Component" file="/Users/paulramotowski/Documents/GitHub/amazon-price-tracker/tests/component/test-blacklist-controller.php" line="121" assertions="2" time="0.016342"/>
        <testcase name="test_get_items_filters_by_search" class="Test_Blacklist_Controller_Component" classname="Test_Blacklist_Controller_Component" file="/Users/paulramotowski/Documents/GitHub/amazon-price-tracker/tests/component/test-blacklist-controller.php" line="133" assertions="2" time="0.016216"/>
        <testcase name="test_create_item_validates_asin_and_region" class="Test_Blacklist_Controller_Component" classname="Test_Blacklist_Controller_Component" file="/Users/paulramotowski/Documents/GitHub/amazon-price-tracker/tests/component/test-blacklist-controller.php" line="147" assertions="3" time="0.013844"/>
        <testcase name="test_create_item_succeeds_and_normalizes_asin_and_region" class="Test_Blacklist_Controller_Component" classname="Test_Blacklist_Controller_Component" file="/Users/paulramotowski/Documents/GitHub/amazon-price-tracker/tests/component/test-blacklist-controller.php" line="159" assertions="5" time="0.014406"/>
        <testcase name="test_create_item_rejects_duplicate" class="Test_Blacklist_Controller_Component" classname="Test_Blacklist_Controller_Component" file="/Users/paulramotowski/Documents/GitHub/amazon-price-tracker/tests/component/test-blacklist-controller.php" line="176" assertions="2" time="0.017314"/>
        <testcase name="test_create_item_soft_deletes_matching_active_product" class="Test_Blacklist_Controller_Component" classname="Test_Blacklist_Controller_Component" file="/Users/paulramotowski/Documents/GitHub/amazon-price-tracker/tests/component/test-blacklist-controller.php" line="186" assertions="2" time="0.015459"/>
        <testcase name="test_check_blacklist_returns_false_when_not_blacklisted" class="Test_Blacklist_Controller_Component" classname="Test_Blacklist_Controller_Component" file="/Users/paulramotowski/Documents/GitHub/amazon-price-tracker/tests/component/test-blacklist-controller.php" line="205" assertions="3" time="0.013966"/>
        <testcase name="test_check_blacklist_returns_true_with_entry_when_blacklisted" class="Test_Blacklist_Controller_Component" classname="Test_Blacklist_Controller_Component" file="/Users/paulramotowski/Documents/GitHub/amazon-price-tracker/tests/component/test-blacklist-controller.php" line="216" assertions="2" time="0.014449"/>
        <testcase name="test_get_item_returns_not_found_for_unknown_id" class="Test_Blacklist_Controller_Component" classname="Test_Blacklist_Controller_Component" file="/Users/paulramotowski/Documents/GitHub/amazon-price-tracker/tests/component/test-blacklist-controller.php" line="229" assertions="1" time="0.014091"/>
        <testcase name="test_get_item_returns_entry_by_id" class="Test_Blacklist_Controller_Component" classname="Test_Blacklist_Controller_Component" file="/Users/paulramotowski/Documents/GitHub/amazon-price-tracker/tests/component/test-blacklist-controller.php" line="237" assertions="2" time="0.014372"/>
        <testcase name="test_delete_item_returns_not_found_for_unknown_id" class="Test_Blacklist_Controller_Component" classname="Test_Blacklist_Controller_Component" file="/Users/paulramotowski/Documents/GitHub/amazon-price-tracker/tests/component/test-blacklist-controller.php" line="248" assertions="1" time="0.014602"/>
        <testcase name="test_delete_item_removes_entry" class="Test_Blacklist_Controller_Component" classname="Test_Blacklist_Controller_Component" file="/Users/paulramotowski/Documents/GitHub/amazon-price-tracker/tests/component/test-blacklist-controller.php" line="256" assertions="2" time="0.014966"/>
      </testsuite>
      <testsuite name="Test_Categories_Controller_Component" file="/Users/paulramotowski/Documents/GitHub/amazon-price-tracker/tests/component/test-categories-controller.php" tests="4" assertions="8" errors="0" warnings="0" failures="0" skipped="0" time="0.051089">
        <testcase name="test_get_categories_requires_authentication" class="Test_Categories_Controller_Component" classname="Test_Categories_Controller_Component" file="/Users/paulramotowski/Documents/GitHub/amazon-price-tracker/tests/component/test-categories-controller.php" line="65" assertions="2" time="0.004566"/>
        <testcase name="test_get_categories_forbidden_for_non_admin" class="Test_Categories_Controller_Component" classname="Test_Categories_Controller_Component" file="/Users/paulramotowski/Documents/GitHub/amazon-price-tracker/tests/component/test-categories-controller.php" line="72" assertions="2" time="0.014246"/>
        <testcase name="test_get_categories_returns_distinct_categories_with_counts_for_admin" class="Test_Categories_Controller_Component" classname="Test_Categories_Controller_Component" file="/Users/paulramotowski/Documents/GitHub/amazon-price-tracker/tests/component/test-categories-controller.php" line="82" assertions="2" time="0.015069"/>
        <testcase name="test_get_categories_excludes_null_empty_and_inactive_products" class="Test_Categories_Controller_Component" classname="Test_Categories_Controller_Component" file="/Users/paulramotowski/Documents/GitHub/amazon-price-tracker/tests/component/test-categories-controller.php" line="104" assertions="2" time="0.017207"/>
      </testsuite>
      <testsuite name="Test_Creators_API_Parsing_Component" file="/Users/paulramotowski/Documents/GitHub/amazon-price-tracker/tests/component/test-creators-api-parsing.php" tests="6" assertions="14" errors="0" warnings="0" failures="0" skipped="0" time="0.010517">
        <testcase name="test_parse_item_maps_every_iteminfo_section_into_facts" class="Test_Creators_API_Parsing_Component" classname="Test_Creators_API_Parsing_Component" file="/Users/paulramotowski/Documents/GitHub/amazon-price-tracker/tests/component/test-creators-api-parsing.php" line="45" assertions="2" time="0.001938"/>
        <testcase name="test_parse_item_of_a_minimal_item_drops_null_facts" class="Test_Creators_API_Parsing_Component" classname="Test_Creators_API_Parsing_Component" file="/Users/paulramotowski/Documents/GitHub/amazon-price-tracker/tests/component/test-creators-api-parsing.php" line="154" assertions="3" time="0.001989"/>
        <testcase name="test_parse_pricing_reads_price_rrp_and_in_stock_availability" class="Test_Creators_API_Parsing_Component" classname="Test_Creators_API_Parsing_Component" file="/Users/paulramotowski/Documents/GitHub/amazon-price-tracker/tests/component/test-creators-api-parsing.php" line="172" assertions="3" time="0.001336"/>
        <testcase name="test_parse_pricing_nulls_the_price_when_out_of_stock" class="Test_Creators_API_Parsing_Component" classname="Test_Creators_API_Parsing_Component" file="/Users/paulramotowski/Documents/GitHub/amazon-price-tracker/tests/component/test-creators-api-parsing.php" line="196" assertions="2" time="0.001614"/>
        <testcase name="test_parse_pricing_detects_limited_stock_from_the_message" class="Test_Creators_API_Parsing_Component" classname="Test_Creators_API_Parsing_Component" file="/Users/paulramotowski/Documents/GitHub/amazon-price-tracker/tests/component/test-creators-api-parsing.php" line="218" assertions="2" time="0.001578"/>
        <testcase name="test_parse_pricing_maps_preorder_and_unknown_types" class="Test_Creators_API_Parsing_Component" classname="Test_Creators_API_Parsing_Component" file="/Users/paulramotowski/Documents/GitHub/amazon-price-tracker/tests/component/test-creators-api-parsing.php" line="240" assertions="2" time="0.002062"/>
      </testsuite>
      <testsuite name="Test_Dashboard_Widget_Component" file="/Users/paulramotowski/Documents/GitHub/amazon-price-tracker/tests/component/test-dashboard-widget.php" tests="6" assertions="30" errors="0" warnings="0" failures="0" skipped="0" time="0.170980">
        <testcase name="test_widget_is_registered_for_admins_only" class="Test_Dashboard_Widget_Component" classname="Test_Dashboard_Widget_Component" file="/Users/paulramotowski/Documents/GitHub/amazon-price-tracker/tests/component/test-dashboard-widget.php" line="88" assertions="2" time="0.020856"/>
        <testcase name="test_styles_are_only_added_on_the_dashboard_screen" class="Test_Dashboard_Widget_Component" classname="Test_Dashboard_Widget_Component" file="/Users/paulramotowski/Documents/GitHub/amazon-price-tracker/tests/component/test-dashboard-widget.php" line="110" assertions="3" time="0.000735"/>
        <testcase name="test_empty_state_renders_zeros_and_omits_optional_sections" class="Test_Dashboard_Widget_Component" classname="Test_Dashboard_Widget_Component" file="/Users/paulramotowski/Documents/GitHub/amazon-price-tracker/tests/component/test-dashboard-widget.php" line="126" assertions="6" time="0.041872"/>
        <testcase name="test_populated_state_renders_stats_drops_attention_and_regions" class="Test_Dashboard_Widget_Component" classname="Test_Dashboard_Widget_Component" file="/Users/paulramotowski/Documents/GitHub/amazon-price-tracker/tests/component/test-dashboard-widget.php" line="141" assertions="15" time="0.041914"/>
        <testcase name="test_price_increases_are_not_reported_as_drops" class="Test_Dashboard_Widget_Component" classname="Test_Dashboard_Widget_Component" file="/Users/paulramotowski/Documents/GitHub/amazon-price-tracker/tests/component/test-dashboard-widget.php" line="190" assertions="1" time="0.033839"/>
        <testcase name="test_widget_data_is_cached_until_cleared" class="Test_Dashboard_Widget_Component" classname="Test_Dashboard_Widget_Component" file="/Users/paulramotowski/Documents/GitHub/amazon-price-tracker/tests/component/test-dashboard-widget.php" line="204" assertions="3" time="0.031765"/>
      </testsuite>
      <testsuite name="Test_Dashboard_Widget_Ajax" file="/Users/paulramotowski/Documents/GitHub/amazon-price-tracker/tests/component/test-dashboard-widget.php" tests="4" assertions="11" errors="0" warnings="0" failures="0" skipped="0" time="3.592186">
        <testcase name="test_refresh_widget_returns_the_widget_data" class="Test_Dashboard_Widget_Ajax" classname="Test_Dashboard_Widget_Ajax" file="/Users/paulramotowski/Documents/GitHub/amazon-price-tracker/tests/component/test-dashboard-widget.php" line="263" assertions="3" time="0.011270"/>
        <testcase name="test_refresh_widget_denies_non_admins" class="Test_Dashboard_Widget_Ajax" classname="Test_Dashboard_Widget_Ajax" file="/Users/paulramotowski/Documents/GitHub/amazon-price-tracker/tests/component/test-dashboard-widget.php" line="274" assertions="2" time="1.172207"/>
        <testcase name="test_run_refresh_refreshes_products_and_clears_caches" class="Test_Dashboard_Widget_Ajax" classname="Test_Dashboard_Widget_Ajax" file="/Users/paulramotowski/Documents/GitHub/amazon-price-tracker/tests/component/test-dashboard-widget.php" line="284" assertions="4" time="1.241168"/>
        <testcase name="test_run_refresh_denies_non_admins" class="Test_Dashboard_Widget_Ajax" classname="Test_Dashboard_Widget_Ajax" file="/Users/paulramotowski/Documents/GitHub/amazon-price-tracker/tests/component/test-dashboard-widget.php" line="336" assertions="2" time="1.167541"/>
      </testsuite>
      <testsuite name="Test_Health_Controller_Component" file="/Users/paulramotowski/Documents/GitHub/amazon-price-tracker/tests/component/test-health-controller.php" tests="6" assertions="14" errors="0" warnings="0" failures="0" skipped="0" time="0.104127">
        <testcase name="test_get_health_is_publicly_accessible_without_authentication" class="Test_Health_Controller_Component" classname="Test_Health_Controller_Component" file="/Users/paulramotowski/Documents/GitHub/amazon-price-tracker/tests/component/test-health-controller.php" line="63" assertions="1" time="0.012388"/>
        <testcase name="test_get_health_response_shape" class="Test_Health_Controller_Component" classname="Test_Health_Controller_Component" file="/Users/paulramotowski/Documents/GitHub/amazon-price-tracker/tests/component/test-health-controller.php" line="69" assertions="5" time="0.010267"/>
        <testcase name="test_get_amazon_health_requires_authentication" class="Test_Health_Controller_Component" classname="Test_Health_Controller_Component" file="/Users/paulramotowski/Documents/GitHub/amazon-price-tracker/tests/component/test-health-controller.php" line="80" assertions="2" time="0.008583"/>
        <testcase name="test_get_amazon_health_reports_not_configured_without_settings" class="Test_Health_Controller_Component" classname="Test_Health_Controller_Component" file="/Users/paulramotowski/Documents/GitHub/amazon-price-tracker/tests/component/test-health-controller.php" line="87" assertions="2" time="0.025150"/>
        <testcase name="test_get_amazon_health_reports_connected_when_amazon_reachable" class="Test_Health_Controller_Component" classname="Test_Health_Controller_Component" file="/Users/paulramotowski/Documents/GitHub/amazon-price-tracker/tests/component/test-health-controller.php" line="106" assertions="2" time="0.024865"/>
        <testcase name="test_get_amazon_health_reports_error_when_amazon_unreachable" class="Test_Health_Controller_Component" classname="Test_Health_Controller_Component" file="/Users/paulramotowski/Documents/GitHub/amazon-price-tracker/tests/component/test-health-controller.php" line="138" assertions="2" time="0.022875"/>
      </testsuite>
      <testsuite name="Test_Price_History_Maintenance_Component" file="/Users/paulramotowski/Documents/GitHub/amazon-price-tracker/tests/component/test-price-history-maintenance.php" tests="16" assertions="100" errors="0" warnings="0" failures="0" skipped="0" time="0.088613">
        <testcase name="test_schedule_registers_a_weekly_cron_event" class="Test_Price_History_Maintenance_Component" classname="Test_Price_History_Maintenance_Component" file="/Users/paulramotowski/Documents/GitHub/amazon-price-tracker/tests/component/test-price-history-maintenance.php" line="179" assertions="5" time="0.004203"/>
        <testcase name="test_schedule_is_idempotent" class="Test_Price_History_Maintenance_Component" classname="Test_Price_History_Maintenance_Component" file="/Users/paulramotowski/Documents/GitHub/amazon-price-tracker/tests/component/test-price-history-maintenance.php" line="190" assertions="2" time="0.002871"/>
        <testcase name="test_unschedule_clears_the_cron_event" class="Test_Price_History_Maintenance_Component" classname="Test_Price_History_Maintenance_Component" file="/Users/paulramotowski/Documents/GitHub/amazon-price-tracker/tests/component/test-price-history-maintenance.php" line="207" assertions="3" time="0.003586"/>
        <testcase name="test_records_within_the_full_retention_window_are_never_pruned" class="Test_Price_History_Maintenance_Component" classname="Test_Price_History_Maintenance_Component" file="/Users/paulramotowski/Documents/GitHub/amazon-price-tracker/tests/component/test-price-history-maintenance.php" line="221" assertions="5" time="0.007056"/>
        <testcase name="test_daily_retention_keeps_only_the_first_record_per_day" class="Test_Price_History_Maintenance_Component" classname="Test_Price_History_Maintenance_Component" file="/Users/paulramotowski/Documents/GitHub/amazon-price-tracker/tests/component/test-price-history-maintenance.php" line="237" assertions="9" time="0.010306"/>
        <testcase name="test_weekly_retention_keeps_only_the_first_record_per_week" class="Test_Price_History_Maintenance_Component" classname="Test_Price_History_Maintenance_Component" file="/Users/paulramotowski/Documents/GitHub/amazon-price-tracker/tests/component/test-price-history-maintenance.php" line="259" assertions="6" time="0.006556"/>
        <testcase name="test_monthly_retention_keeps_only_the_first_record_per_month" class="Test_Price_History_Maintenance_Component" classname="Test_Price_History_Maintenance_Component" file="/Users/paulramotowski/Documents/GitHub/amazon-price-tracker/tests/component/test-price-history-maintenance.php" line="272" assertions="6" time="0.007477"/>
        <testcase name="test_custom_retention_options_override_the_defaults" class="Test_Price_History_Maintenance_Component" classname="Test_Price_History_Maintenance_Component" file="/Users/paulramotowski/Documents/GitHub/amazon-price-tracker/tests/component/test-price-history-maintenance.php" line="285" assertions="6" time="0.007465"/>
        <testcase name="test_all_time_price_milestones_survive_pruning" class="Test_Price_History_Maintenance_Component" classname="Test_Price_History_Maintenance_Component" file="/Users/paulramotowski/Documents/GitHub/amazon-price-tracker/tests/component/test-price-history-maintenance.php" line="305" assertions="6" time="0.006594"/>
        <testcase name="test_availability_change_records_survive_pruning" class="Test_Price_History_Maintenance_Component" classname="Test_Price_History_Maintenance_Component" file="/Users/paulramotowski/Documents/GitHub/amazon-price-tracker/tests/component/test-price-history-maintenance.php" line="321" assertions="6" time="0.005789"/>
        <testcase name="test_inactive_products_are_not_pruned" class="Test_Price_History_Maintenance_Component" classname="Test_Price_History_Maintenance_Component" file="/Users/paulramotowski/Documents/GitHub/amazon-price-tracker/tests/component/test-price-history-maintenance.php" line="343" assertions="6" time="0.002982"/>
        <testcase name="test_prune_history_reports_accurate_counts" class="Test_Price_History_Maintenance_Component" classname="Test_Price_History_Maintenance_Component" file="/Users/paulramotowski/Documents/GitHub/amazon-price-tracker/tests/component/test-price-history-maintenance.php" line="358" assertions="9" time="0.003921"/>
        <testcase name="test_run_maintenance_records_the_last_run_summary" class="Test_Price_History_Maintenance_Component" classname="Test_Price_History_Maintenance_Component" file="/Users/paulramotowski/Documents/GitHub/amazon-price-tracker/tests/component/test-price-history-maintenance.php" line="378" assertions="12" time="0.004021"/>
        <testcase name="test_cron_hook_triggers_maintenance" class="Test_Price_History_Maintenance_Component" classname="Test_Price_History_Maintenance_Component" file="/Users/paulramotowski/Documents/GitHub/amazon-price-tracker/tests/component/test-price-history-maintenance.php" line="397" assertions="2" time="0.001677"/>
        <testcase name="test_run_manual_flags_the_last_run_as_manual" class="Test_Price_History_Maintenance_Component" classname="Test_Price_History_Maintenance_Component" file="/Users/paulramotowski/Documents/GitHub/amazon-price-tracker/tests/component/test-price-history-maintenance.php" line="407" assertions="7" time="0.003576"/>
        <testcase name="test_get_storage_stats_buckets_records_by_age" class="Test_Price_History_Maintenance_Component" classname="Test_Price_History_Maintenance_Component" file="/Users/paulramotowski/Documents/GitHub/amazon-price-tracker/tests/component/test-price-history-maintenance.php" line="425" assertions="10" time="0.010532"/>
      </testsuite>
      <testsuite name="Test_Product_Service_Component" file="/Users/paulramotowski/Documents/GitHub/amazon-price-tracker/tests/component/test-product-service.php" tests="23" assertions="67" errors="0" warnings="0" failures="0" skipped="0" time="0.471480">
        <testcase name="test_refresh_product_returns_not_found_for_unknown_id" class="Test_Product_Service_Component" classname="Test_Product_Service_Component" file="/Users/paulramotowski/Documents/GitHub/amazon-price-tracker/tests/component/test-product-service.php" line="166" assertions="2" time="0.008651"/>
        <testcase name="test_refresh_product_returns_not_configured_without_settings" class="Test_Product_Service_Component" classname="Test_Product_Service_Component" file="/Users/paulramotowski/Documents/GitHub/amazon-price-tracker/tests/component/test-product-service.php" line="173" assertions="2" time="0.007765"/>
        <testcase name="test_refresh_product_returns_missing_partner_tag_for_unconfigured_region" class="Test_Product_Service_Component" classname="Test_Product_Service_Component" file="/Users/paulramotowski/Documents/GitHub/amazon-price-tracker/tests/component/test-product-service.php" line="182" assertions="3" time="0.007721"/>
        <testcase name="test_refresh_product_keeps_existing_data_on_api_error" class="Test_Product_Service_Component" classname="Test_Product_Service_Component" file="/Users/paulramotowski/Documents/GitHub/amazon-price-tracker/tests/component/test-product-service.php" line="193" assertions="5" time="0.007583"/>
        <testcase name="test_refresh_product_updates_facts_and_appends_a_price_record" class="Test_Product_Service_Component" classname="Test_Product_Service_Component" file="/Users/paulramotowski/Documents/GitHub/amazon-price-tracker/tests/component/test-product-service.php" line="217" assertions="3" time="0.007607"/>
        <testcase name="test_bulk_refresh_without_settings_fails_every_selected_product" class="Test_Product_Service_Component" classname="Test_Product_Service_Component" file="/Users/paulramotowski/Documents/GitHub/amazon-price-tracker/tests/component/test-product-service.php" line="237" assertions="7" time="0.006533"/>
        <testcase name="test_bulk_refresh_fails_regions_without_a_partner_tag_and_refreshes_the_rest" class="Test_Product_Service_Component" classname="Test_Product_Service_Component" file="/Users/paulramotowski/Documents/GitHub/amazon-price-tracker/tests/component/test-product-service.php" line="252" assertions="5" time="0.007155"/>
        <testcase name="test_bulk_refresh_fails_items_missing_from_the_amazon_response" class="Test_Product_Service_Component" classname="Test_Product_Service_Component" file="/Users/paulramotowski/Documents/GitHub/amazon-price-tracker/tests/component/test-product-service.php" line="272" assertions="5" time="0.006960"/>
        <testcase name="test_bulk_refresh_scopes_to_the_regions_filter" class="Test_Product_Service_Component" classname="Test_Product_Service_Component" file="/Users/paulramotowski/Documents/GitHub/amazon-price-tracker/tests/component/test-product-service.php" line="292" assertions="4" time="0.007155"/>
        <testcase name="test_bulk_refresh_splits_a_region_into_batches_of_ten" class="Test_Product_Service_Component" classname="Test_Product_Service_Component" file="/Users/paulramotowski/Documents/GitHub/amazon-price-tracker/tests/component/test-product-service.php" line="309" assertions="2" time="0.221745"/>
        <testcase name="test_bulk_refresh_clears_the_stats_cache_only_on_success" class="Test_Product_Service_Component" classname="Test_Product_Service_Component" file="/Users/paulramotowski/Documents/GitHub/amazon-price-tracker/tests/component/test-product-service.php" line="335" assertions="2" time="0.026255"/>
        <testcase name="test_connection_reports_not_configured_without_settings" class="Test_Product_Service_Component" classname="Test_Product_Service_Component" file="/Users/paulramotowski/Documents/GitHub/amazon-price-tracker/tests/component/test-product-service.php" line="356" assertions="2" time="0.019697"/>
        <testcase name="test_connection_reports_not_configured_with_empty_partner_tags" class="Test_Product_Service_Component" classname="Test_Product_Service_Component" file="/Users/paulramotowski/Documents/GitHub/amazon-price-tracker/tests/component/test-product-service.php" line="363" assertions="2" time="0.018187"/>
        <testcase name="test_connection_reports_not_configured_for_an_unconfigured_explicit_region" class="Test_Product_Service_Component" classname="Test_Product_Service_Component" file="/Users/paulramotowski/Documents/GitHub/amazon-price-tracker/tests/component/test-product-service.php" line="372" assertions="2" time="0.016535"/>
        <testcase name="test_connection_succeeds_via_the_first_configured_region_by_default" class="Test_Product_Service_Component" classname="Test_Product_Service_Component" file="/Users/paulramotowski/Documents/GitHub/amazon-price-tracker/tests/component/test-product-service.php" line="381" assertions="3" time="0.015553"/>
        <testcase name="test_connection_reports_error_when_the_api_call_fails" class="Test_Product_Service_Component" classname="Test_Product_Service_Component" file="/Users/paulramotowski/Documents/GitHub/amazon-price-tracker/tests/component/test-product-service.php" line="393" assertions="3" time="0.014522"/>
        <testcase name="test_connection_reports_error_when_credentials_are_empty" class="Test_Product_Service_Component" classname="Test_Product_Service_Component" file="/Users/paulramotowski/Documents/GitHub/amazon-price-tracker/tests/component/test-product-service.php" line="404" assertions="2" time="0.014328"/>
        <testcase name="test_env_credentials_stand_in_for_a_missing_settings_row" class="Test_Product_Service_Component" classname="Test_Product_Service_Component" file="/Users/paulramotowski/Documents/GitHub/amazon-price-tracker/tests/component/test-product-service.php" line="421" assertions="1" time="0.013433"/>
        <testcase name="test_env_fallback_requires_the_complete_credential_set" class="Test_Product_Service_Component" classname="Test_Product_Service_Component" file="/Users/paulramotowski/Documents/GitHub/amazon-price-tracker/tests/component/test-product-service.php" line="438" assertions="1" time="0.010943"/>
        <testcase name="test_create_product_rolls_back_on_a_duplicate_row" class="Test_Product_Service_Component" classname="Test_Product_Service_Component" file="/Users/paulramotowski/Documents/GitHub/amazon-price-tracker/tests/component/test-product-service.php" line="454" assertions="3" time="0.010602">
          <system-out>&lt;div id="error"&gt;&lt;p class="wpdberror"&gt;&lt;strong&gt;WordPress database error:&lt;/strong&gt; [Duplicate entry &amp;#039;B0PSCRDUP1-UK&amp;#039; for key &amp;#039;wptests_apt_products.asin_region&amp;#039;]&lt;br /&gt;&lt;code&gt;INSERT INTO `wptests_apt_products` (`asin`, `region`, `custom_category`, `images`, `facts`, `is_active`, `created_at`, `updated_at`, `created_by`) VALUES (&amp;#039;B0PSCRDUP1&amp;#039;, &amp;#039;UK&amp;#039;, NULL, &amp;#039;[]&amp;#039;, &amp;#039;{\&amp;quot;title\&amp;quot;:\&amp;quot;Fresh Title\&amp;quot;}&amp;#039;, &amp;#039;1&amp;#039;, &amp;#039;2026-07-14 18:48:52&amp;#039;, &amp;#039;2026-07-14 18:48:52&amp;#039;, &amp;#039;47&amp;#039;)&lt;/code&gt;&lt;/p&gt;&lt;/div&gt;</system-out>
        </testcase>
        <testcase name="test_create_product_returns_not_configured_without_settings" class="Test_Product_Service_Component" classname="Test_Product_Service_Component" file="/Users/paulramotowski/Documents/GitHub/amazon-price-tracker/tests/component/test-product-service.php" line="478" assertions="2" time="0.006741"/>
        <testcase name="test_create_product_returns_missing_partner_tag_for_unconfigured_region" class="Test_Product_Service_Component" classname="Test_Product_Service_Component" file="/Users/paulramotowski/Documents/GitHub/amazon-price-tracker/tests/component/test-product-service.php" line="485" assertions="2" time="0.006276"/>
        <testcase name="test_reactivate_product_is_a_no_op_when_the_amazon_fetch_fails" class="Test_Product_Service_Component" classname="Test_Product_Service_Component" file="/Users/paulramotowski/Documents/GitHub/amazon-price-tracker/tests/component/test-product-service.php" line="494" assertions="4" time="0.009533"/>
      </testsuite>
      <testsuite name="Test_Products_Controller_Component" file="/Users/paulramotowski/Documents/GitHub/amazon-price-tracker/tests/component/test-products-controller.php" tests="63" assertions="172" errors="0" warnings="0" failures="0" skipped="0" time="0.995288">
        <testcase name="test_create_product_succeeds_with_canned_amazon_response" class="Test_Products_Controller_Component" classname="Test_Products_Controller_Component" file="/Users/paulramotowski/Documents/GitHub/amazon-price-tracker/tests/component/test-products-controller.php" line="368" assertions="9" time="0.012550"/>
        <testcase name="test_create_product_returns_asin_not_found_for_amazon_not_found_error" class="Test_Products_Controller_Component" classname="Test_Products_Controller_Component" file="/Users/paulramotowski/Documents/GitHub/amazon-price-tracker/tests/component/test-products-controller.php" line="398" assertions="2" time="0.014569"/>
        <testcase name="test_create_product_returns_amazon_api_error_for_malformed_response" class="Test_Products_Controller_Component" classname="Test_Products_Controller_Component" file="/Users/paulramotowski/Documents/GitHub/amazon-price-tracker/tests/component/test-products-controller.php" line="411" assertions="2" time="0.014363"/>
        <testcase name="test_create_product_returns_amazon_api_error_on_timeout" class="Test_Products_Controller_Component" classname="Test_Products_Controller_Component" file="/Users/paulramotowski/Documents/GitHub/amazon-price-tracker/tests/component/test-products-controller.php" line="425" assertions="2" time="0.014260"/>
        <testcase name="test_create_product_conflict_includes_title_and_active_status_for_active_product" class="Test_Products_Controller_Component" classname="Test_Products_Controller_Component" file="/Users/paulramotowski/Documents/GitHub/amazon-price-tracker/tests/component/test-products-controller.php" line="435" assertions="4" time="0.014213"/>
        <testcase name="test_create_product_conflict_includes_title_and_active_status_for_inactive_product" class="Test_Products_Controller_Component" classname="Test_Products_Controller_Component" file="/Users/paulramotowski/Documents/GitHub/amazon-price-tracker/tests/component/test-products-controller.php" line="452" assertions="3" time="0.012698"/>
        <testcase name="test_reactivate_product_succeeds_and_preserves_original_row" class="Test_Products_Controller_Component" classname="Test_Products_Controller_Component" file="/Users/paulramotowski/Documents/GitHub/amazon-price-tracker/tests/component/test-products-controller.php" line="473" assertions="6" time="0.017183"/>
        <testcase name="test_reactivate_returns_not_found_when_no_existing_product" class="Test_Products_Controller_Component" classname="Test_Products_Controller_Component" file="/Users/paulramotowski/Documents/GitHub/amazon-price-tracker/tests/component/test-products-controller.php" line="508" assertions="2" time="0.021148"/>
        <testcase name="test_reactivate_returns_forbidden_when_blacklisted" class="Test_Products_Controller_Component" classname="Test_Products_Controller_Component" file="/Users/paulramotowski/Documents/GitHub/amazon-price-tracker/tests/component/test-products-controller.php" line="515" assertions="2" time="0.016161"/>
        <testcase name="test_get_items_defaults_to_active_products_only" class="Test_Products_Controller_Component" classname="Test_Products_Controller_Component" file="/Users/paulramotowski/Documents/GitHub/amazon-price-tracker/tests/component/test-products-controller.php" line="541" assertions="3" time="0.011031"/>
        <testcase name="test_get_items_can_include_inactive_products_explicitly" class="Test_Products_Controller_Component" classname="Test_Products_Controller_Component" file="/Users/paulramotowski/Documents/GitHub/amazon-price-tracker/tests/component/test-products-controller.php" line="553" assertions="2" time="0.014546"/>
        <testcase name="test_get_items_filters_by_single_region" class="Test_Products_Controller_Component" classname="Test_Products_Controller_Component" file="/Users/paulramotowski/Documents/GitHub/amazon-price-tracker/tests/component/test-products-controller.php" line="564" assertions="2" time="0.014490"/>
        <testcase name="test_get_items_region_takes_precedence_over_regions_when_both_given" class="Test_Products_Controller_Component" classname="Test_Products_Controller_Component" file="/Users/paulramotowski/Documents/GitHub/amazon-price-tracker/tests/component/test-products-controller.php" line="575" assertions="2" time="0.012882"/>
        <testcase name="test_get_items_filters_by_multiple_regions" class="Test_Products_Controller_Component" classname="Test_Products_Controller_Component" file="/Users/paulramotowski/Documents/GitHub/amazon-price-tracker/tests/component/test-products-controller.php" line="590" assertions="1" time="0.010871"/>
        <testcase name="test_get_items_filters_by_custom_category" class="Test_Products_Controller_Component" classname="Test_Products_Controller_Component" file="/Users/paulramotowski/Documents/GitHub/amazon-price-tracker/tests/component/test-products-controller.php" line="603" assertions="2" time="0.014901"/>
        <testcase name="test_get_items_searches_title_from_facts_json_case_insensitively" class="Test_Products_Controller_Component" classname="Test_Products_Controller_Component" file="/Users/paulramotowski/Documents/GitHub/amazon-price-tracker/tests/component/test-products-controller.php" line="614" assertions="2" time="0.015498"/>
        <testcase name="test_get_items_sorts_by_current_price_via_joined_latest_price" class="Test_Products_Controller_Component" classname="Test_Products_Controller_Component" file="/Users/paulramotowski/Documents/GitHub/amazon-price-tracker/tests/component/test-products-controller.php" line="631" assertions="1" time="0.015697"/>
        <testcase name="test_get_items_uses_latest_price_when_product_has_price_history" class="Test_Products_Controller_Component" classname="Test_Products_Controller_Component" file="/Users/paulramotowski/Documents/GitHub/amazon-price-tracker/tests/component/test-products-controller.php" line="647" assertions="2" time="0.014156"/>
        <testcase name="test_get_items_pagination_meta_reflects_total_and_page" class="Test_Products_Controller_Component" classname="Test_Products_Controller_Component" file="/Users/paulramotowski/Documents/GitHub/amazon-price-tracker/tests/component/test-products-controller.php" line="666" assertions="3" time="0.013656"/>
        <testcase name="test_get_item_not_found" class="Test_Products_Controller_Component" classname="Test_Products_Controller_Component" file="/Users/paulramotowski/Documents/GitHub/amazon-price-tracker/tests/component/test-products-controller.php" line="681" assertions="1" time="0.012619"/>
        <testcase name="test_get_item_returns_full_product_shape" class="Test_Products_Controller_Component" classname="Test_Products_Controller_Component" file="/Users/paulramotowski/Documents/GitHub/amazon-price-tracker/tests/component/test-products-controller.php" line="687" assertions="4" time="0.010208"/>
        <testcase name="test_get_by_asin_returns_all_regions_for_that_asin" class="Test_Products_Controller_Component" classname="Test_Products_Controller_Component" file="/Users/paulramotowski/Documents/GitHub/amazon-price-tracker/tests/component/test-products-controller.php" line="705" assertions="3" time="0.011417"/>
        <testcase name="test_get_by_asin_excludes_inactive_products" class="Test_Products_Controller_Component" classname="Test_Products_Controller_Component" file="/Users/paulramotowski/Documents/GitHub/amazon-price-tracker/tests/component/test-products-controller.php" line="719" assertions="1" time="0.013219"/>
        <testcase name="test_get_by_asin_not_found" class="Test_Products_Controller_Component" classname="Test_Products_Controller_Component" file="/Users/paulramotowski/Documents/GitHub/amazon-price-tracker/tests/component/test-products-controller.php" line="727" assertions="1" time="0.013528"/>
        <testcase name="test_get_by_asin_region_returns_single_matching_product" class="Test_Products_Controller_Component" classname="Test_Products_Controller_Component" file="/Users/paulramotowski/Documents/GitHub/amazon-price-tracker/tests/component/test-products-controller.php" line="733" assertions="2" time="0.013452"/>
        <testcase name="test_get_by_asin_region_not_found" class="Test_Products_Controller_Component" classname="Test_Products_Controller_Component" file="/Users/paulramotowski/Documents/GitHub/amazon-price-tracker/tests/component/test-products-controller.php" line="744" assertions="1" time="0.013421"/>
        <testcase name="test_delete_item_not_found" class="Test_Products_Controller_Component" classname="Test_Products_Controller_Component" file="/Users/paulramotowski/Documents/GitHub/amazon-price-tracker/tests/component/test-products-controller.php" line="752" assertions="1" time="0.022287"/>
        <testcase name="test_delete_item_forbidden_for_non_admin" class="Test_Products_Controller_Component" classname="Test_Products_Controller_Component" file="/Users/paulramotowski/Documents/GitHub/amazon-price-tracker/tests/component/test-products-controller.php" line="760" assertions="1" time="0.013287"/>
        <testcase name="test_delete_item_soft_deletes_by_default" class="Test_Products_Controller_Component" classname="Test_Products_Controller_Component" file="/Users/paulramotowski/Documents/GitHub/amazon-price-tracker/tests/component/test-products-controller.php" line="769" assertions="4" time="0.017749"/>
        <testcase name="test_delete_item_force_hard_deletes_product_and_price_history" class="Test_Products_Controller_Component" classname="Test_Products_Controller_Component" file="/Users/paulramotowski/Documents/GitHub/amazon-price-tracker/tests/component/test-products-controller.php" line="794" assertions="3" time="0.018838"/>
        <testcase name="test_update_category_not_found" class="Test_Products_Controller_Component" classname="Test_Products_Controller_Component" file="/Users/paulramotowski/Documents/GitHub/amazon-price-tracker/tests/component/test-products-controller.php" line="820" assertions="1" time="0.018079"/>
        <testcase name="test_update_category_forbidden_for_non_admin" class="Test_Products_Controller_Component" classname="Test_Products_Controller_Component" file="/Users/paulramotowski/Documents/GitHub/amazon-price-tracker/tests/component/test-products-controller.php" line="828" assertions="1" time="0.014686"/>
        <testcase name="test_update_category_sets_new_category" class="Test_Products_Controller_Component" classname="Test_Products_Controller_Component" file="/Users/paulramotowski/Documents/GitHub/amazon-price-tracker/tests/component/test-products-controller.php" line="837" assertions="2" time="0.022989"/>
        <testcase name="test_update_category_truncates_overly_long_value" class="Test_Products_Controller_Component" classname="Test_Products_Controller_Component" file="/Users/paulramotowski/Documents/GitHub/amazon-price-tracker/tests/component/test-products-controller.php" line="848" assertions="2" time="0.018482"/>
        <testcase name="test_get_prices_not_found" class="Test_Products_Controller_Component" classname="Test_Products_Controller_Component" file="/Users/paulramotowski/Documents/GitHub/amazon-price-tracker/tests/component/test-products-controller.php" line="864" assertions="1" time="0.015234"/>
        <testcase name="test_get_prices_returns_history_ordered_newest_first_by_default" class="Test_Products_Controller_Component" classname="Test_Products_Controller_Component" file="/Users/paulramotowski/Documents/GitHub/amazon-price-tracker/tests/component/test-products-controller.php" line="870" assertions="4" time="0.014855"/>
        <testcase name="test_get_prices_honors_ascending_sort_order" class="Test_Products_Controller_Component" classname="Test_Products_Controller_Component" file="/Users/paulramotowski/Documents/GitHub/amazon-price-tracker/tests/component/test-products-controller.php" line="885" assertions="1" time="0.013879"/>
        <testcase name="test_get_prices_filters_by_date_range" class="Test_Products_Controller_Component" classname="Test_Products_Controller_Component" file="/Users/paulramotowski/Documents/GitHub/amazon-price-tracker/tests/component/test-products-controller.php" line="896" assertions="1" time="0.014778"/>
        <testcase name="test_get_prices_ignores_unparseable_date_filters" class="Test_Products_Controller_Component" classname="Test_Products_Controller_Component" file="/Users/paulramotowski/Documents/GitHub/amazon-price-tracker/tests/component/test-products-controller.php" line="911" assertions="2" time="0.010550"/>
        <testcase name="test_get_prices_includes_currency_and_title" class="Test_Products_Controller_Component" classname="Test_Products_Controller_Component" file="/Users/paulramotowski/Documents/GitHub/amazon-price-tracker/tests/component/test-products-controller.php" line="926" assertions="2" time="0.016446"/>
        <testcase name="test_get_prices_without_aggregate_param_omits_aggregations_key" class="Test_Products_Controller_Component" classname="Test_Products_Controller_Component" file="/Users/paulramotowski/Documents/GitHub/amazon-price-tracker/tests/component/test-products-controller.php" line="941" assertions="1" time="0.016327"/>
        <testcase name="test_get_prices_daily_aggregation_computes_min_max_avg_per_day" class="Test_Products_Controller_Component" classname="Test_Products_Controller_Component" file="/Users/paulramotowski/Documents/GitHub/amazon-price-tracker/tests/component/test-products-controller.php" line="951" assertions="8" time="0.015000"/>
        <testcase name="test_get_prices_by_asin_region_resolves_product_and_returns_same_shape_as_get_prices" class="Test_Products_Controller_Component" classname="Test_Products_Controller_Component" file="/Users/paulramotowski/Documents/GitHub/amazon-price-tracker/tests/component/test-products-controller.php" line="975" assertions="3" time="0.014409"/>
        <testcase name="test_get_prices_by_asin_region_not_found" class="Test_Products_Controller_Component" classname="Test_Products_Controller_Component" file="/Users/paulramotowski/Documents/GitHub/amazon-price-tracker/tests/component/test-products-controller.php" line="987" assertions="1" time="0.014845"/>
        <testcase name="test_bulk_create_requires_products_array" class="Test_Products_Controller_Component" classname="Test_Products_Controller_Component" file="/Users/paulramotowski/Documents/GitHub/amazon-price-tracker/tests/component/test-products-controller.php" line="995" assertions="2" time="0.014953"/>
        <testcase name="test_bulk_create_rejects_more_than_100_products" class="Test_Products_Controller_Component" classname="Test_Products_Controller_Component" file="/Users/paulramotowski/Documents/GitHub/amazon-price-tracker/tests/component/test-products-controller.php" line="1002" assertions="2" time="0.014875"/>
        <testcase name="test_bulk_create_skips_duplicate_asin_region_pairs_within_the_request" class="Test_Products_Controller_Component" classname="Test_Products_Controller_Component" file="/Users/paulramotowski/Documents/GitHub/amazon-price-tracker/tests/component/test-products-controller.php" line="1011" assertions="3" time="0.016836"/>
        <testcase name="test_bulk_create_reports_mixed_success_and_failure" class="Test_Products_Controller_Component" classname="Test_Products_Controller_Component" file="/Users/paulramotowski/Documents/GitHub/amazon-price-tracker/tests/component/test-products-controller.php" line="1028" assertions="6" time="0.011921"/>
        <testcase name="test_create_item_returns_429_once_daily_limit_reached" class="Test_Products_Controller_Component" classname="Test_Products_Controller_Component" file="/Users/paulramotowski/Documents/GitHub/amazon-price-tracker/tests/component/test-products-controller.php" line="1056" assertions="5" time="0.015434"/>
        <testcase name="test_create_item_admin_users_bypass_the_daily_limit" class="Test_Products_Controller_Component" classname="Test_Products_Controller_Component" file="/Users/paulramotowski/Documents/GitHub/amazon-price-tracker/tests/component/test-products-controller.php" line="1072" assertions="2" time="0.021266"/>
        <testcase name="test_create_item_includes_rate_limit_headers_reflecting_remaining_quota" class="Test_Products_Controller_Component" classname="Test_Products_Controller_Component" file="/Users/paulramotowski/Documents/GitHub/amazon-price-tracker/tests/component/test-products-controller.php" line="1099" assertions="3" time="0.024720"/>
        <testcase name="test_refresh_item_succeeds_and_records_a_new_price" class="Test_Products_Controller_Component" classname="Test_Products_Controller_Component" file="/Users/paulramotowski/Documents/GitHub/amazon-price-tracker/tests/component/test-products-controller.php" line="1113" assertions="4" time="0.022639"/>
        <testcase name="test_refresh_item_not_found" class="Test_Products_Controller_Component" classname="Test_Products_Controller_Component" file="/Users/paulramotowski/Documents/GitHub/amazon-price-tracker/tests/component/test-products-controller.php" line="1145" assertions="2" time="0.018132"/>
        <testcase name="test_refresh_item_forbidden_for_non_admin" class="Test_Products_Controller_Component" classname="Test_Products_Controller_Component" file="/Users/paulramotowski/Documents/GitHub/amazon-price-tracker/tests/component/test-products-controller.php" line="1154" assertions="1" time="0.010164"/>
        <testcase name="test_refresh_item_returns_amazon_api_error_and_leaves_existing_price_unchanged" class="Test_Products_Controller_Component" classname="Test_Products_Controller_Component" file="/Users/paulramotowski/Documents/GitHub/amazon-price-tracker/tests/component/test-products-controller.php" line="1163" assertions="4" time="0.021043"/>
        <testcase name="test_refresh_item_returns_not_configured_when_no_credentials" class="Test_Products_Controller_Component" classname="Test_Products_Controller_Component" file="/Users/paulramotowski/Documents/GitHub/amazon-price-tracker/tests/component/test-products-controller.php" line="1186" assertions="2" time="0.019069"/>
        <testcase name="test_refresh_item_returns_missing_partner_tag_for_unconfigured_region" class="Test_Products_Controller_Component" classname="Test_Products_Controller_Component" file="/Users/paulramotowski/Documents/GitHub/amazon-price-tracker/tests/component/test-products-controller.php" line="1201" assertions="2" time="0.019333"/>
        <testcase name="test_bulk_refresh_updates_active_products_and_reports_success" class="Test_Products_Controller_Component" classname="Test_Products_Controller_Component" file="/Users/paulramotowski/Documents/GitHub/amazon-price-tracker/tests/component/test-products-controller.php" line="1214" assertions="8" time="0.020552"/>
        <testcase name="test_bulk_refresh_excludes_inactive_products" class="Test_Products_Controller_Component" classname="Test_Products_Controller_Component" file="/Users/paulramotowski/Documents/GitHub/amazon-price-tracker/tests/component/test-products-controller.php" line="1244" assertions="5" time="0.016475"/>
        <testcase name="test_bulk_refresh_filters_by_product_ids" class="Test_Products_Controller_Component" classname="Test_Products_Controller_Component" file="/Users/paulramotowski/Documents/GitHub/amazon-price-tracker/tests/component/test-products-controller.php" line="1267" assertions="3" time="0.020663"/>
        <testcase name="test_bulk_refresh_reports_mixed_success_and_failure" class="Test_Products_Controller_Component" classname="Test_Products_Controller_Component" file="/Users/paulramotowski/Documents/GitHub/amazon-price-tracker/tests/component/test-products-controller.php" line="1282" assertions="6" time="0.019956"/>
        <testcase name="test_bulk_refresh_forbidden_for_non_admin" class="Test_Products_Controller_Component" classname="Test_Products_Controller_Component" file="/Users/paulramotowski/Documents/GitHub/amazon-price-tracker/tests/component/test-products-controller.php" line="1306" assertions="1" time="0.012495"/>
        <testcase name="test_bulk_refresh_returns_all_failures_when_not_configured" class="Test_Products_Controller_Component" classname="Test_Products_Controller_Component" file="/Users/paulramotowski/Documents/GitHub/amazon-price-tracker/tests/component/test-products-controller.php" line="1313" assertions="7" time="0.019302"/>
      </testsuite>
      <testsuite name="Test_Regions_Controller_Component" file="/Users/paulramotowski/Documents/GitHub/amazon-price-tracker/tests/component/test-regions-controller.php" tests="2" assertions="9" errors="0" warnings="0" failures="0" skipped="0" time="0.014824">
        <testcase name="test_get_regions_requires_authentication" class="Test_Regions_Controller_Component" classname="Test_Regions_Controller_Component" file="/Users/paulramotowski/Documents/GitHub/amazon-price-tracker/tests/component/test-regions-controller.php" line="37" assertions="2" time="0.004521"/>
        <testcase name="test_get_regions_returns_all_supported_regions_when_authenticated" class="Test_Regions_Controller_Component" classname="Test_Regions_Controller_Component" file="/Users/paulramotowski/Documents/GitHub/amazon-price-tracker/tests/component/test-regions-controller.php" line="44" assertions="7" time="0.010303"/>
      </testsuite>
      <testsuite name="Test_Scheduled_Refresh_Component" file="/Users/paulramotowski/Documents/GitHub/amazon-price-tracker/tests/component/test-scheduled-refresh.php" tests="14" assertions="45" errors="0" warnings="0" failures="0" skipped="0" time="0.264506">
        <testcase name="test_custom_cron_intervals_are_registered" class="Test_Scheduled_Refresh_Component" classname="Test_Scheduled_Refresh_Component" file="/Users/paulramotowski/Documents/GitHub/amazon-price-tracker/tests/component/test-scheduled-refresh.php" line="156" assertions="2" time="0.000795"/>
        <testcase name="test_schedule_registers_the_cron_event_and_stores_the_recurrence" class="Test_Scheduled_Refresh_Component" classname="Test_Scheduled_Refresh_Component" file="/Users/paulramotowski/Documents/GitHub/amazon-price-tracker/tests/component/test-scheduled-refresh.php" line="165" assertions="7" time="0.001696"/>
        <testcase name="test_rescheduling_replaces_the_existing_event_instead_of_stacking" class="Test_Scheduled_Refresh_Component" classname="Test_Scheduled_Refresh_Component" file="/Users/paulramotowski/Documents/GitHub/amazon-price-tracker/tests/component/test-scheduled-refresh.php" line="178" assertions="3" time="0.002115"/>
        <testcase name="test_unschedule_clears_the_cron_event" class="Test_Scheduled_Refresh_Component" classname="Test_Scheduled_Refresh_Component" file="/Users/paulramotowski/Documents/GitHub/amazon-price-tracker/tests/component/test-scheduled-refresh.php" line="194" assertions="3" time="0.001376"/>
        <testcase name="test_get_status_when_unscheduled" class="Test_Scheduled_Refresh_Component" classname="Test_Scheduled_Refresh_Component" file="/Users/paulramotowski/Documents/GitHub/amazon-price-tracker/tests/component/test-scheduled-refresh.php" line="204" assertions="1" time="0.000750"/>
        <testcase name="test_get_status_when_scheduled" class="Test_Scheduled_Refresh_Component" classname="Test_Scheduled_Refresh_Component" file="/Users/paulramotowski/Documents/GitHub/amazon-price-tracker/tests/component/test-scheduled-refresh.php" line="217" assertions="4" time="0.001570"/>
        <testcase name="test_run_refreshes_products_and_records_the_summary" class="Test_Scheduled_Refresh_Component" classname="Test_Scheduled_Refresh_Component" file="/Users/paulramotowski/Documents/GitHub/amazon-price-tracker/tests/component/test-scheduled-refresh.php" line="232" assertions="9" time="0.030408"/>
        <testcase name="test_cron_hook_triggers_the_run" class="Test_Scheduled_Refresh_Component" classname="Test_Scheduled_Refresh_Component" file="/Users/paulramotowski/Documents/GitHub/amazon-price-tracker/tests/component/test-scheduled-refresh.php" line="262" assertions="3" time="0.036838"/>
        <testcase name="test_run_respects_the_batch_size_option" class="Test_Scheduled_Refresh_Component" classname="Test_Scheduled_Refresh_Component" file="/Users/paulramotowski/Documents/GitHub/amazon-price-tracker/tests/component/test-scheduled-refresh.php" line="276" assertions="3" time="0.033417"/>
        <testcase name="test_run_bails_out_when_no_admin_user_exists" class="Test_Scheduled_Refresh_Component" classname="Test_Scheduled_Refresh_Component" file="/Users/paulramotowski/Documents/GitHub/amazon-price-tracker/tests/component/test-scheduled-refresh.php" line="299" assertions="1" time="0.028059"/>
        <testcase name="test_run_prefers_the_configured_admin_over_the_settings_fallback" class="Test_Scheduled_Refresh_Component" classname="Test_Scheduled_Refresh_Component" file="/Users/paulramotowski/Documents/GitHub/amazon-price-tracker/tests/component/test-scheduled-refresh.php" line="312" assertions="2" time="0.034787"/>
        <testcase name="test_run_ignores_a_configured_user_who_is_not_an_admin" class="Test_Scheduled_Refresh_Component" classname="Test_Scheduled_Refresh_Component" file="/Users/paulramotowski/Documents/GitHub/amazon-price-tracker/tests/component/test-scheduled-refresh.php" line="334" assertions="2" time="0.035215"/>
        <testcase name="test_run_falls_back_to_an_admin_with_settings_skipping_those_without" class="Test_Scheduled_Refresh_Component" classname="Test_Scheduled_Refresh_Component" file="/Users/paulramotowski/Documents/GitHub/amazon-price-tracker/tests/component/test-scheduled-refresh.php" line="355" assertions="2" time="0.031608"/>
        <testcase name="test_run_uses_the_first_admin_when_none_have_settings" class="Test_Scheduled_Refresh_Component" classname="Test_Scheduled_Refresh_Component" file="/Users/paulramotowski/Documents/GitHub/amazon-price-tracker/tests/component/test-scheduled-refresh.php" line="374" assertions="3" time="0.025871"/>
      </testsuite>
      <testsuite name="Test_Settings_Controller_Component" file="/Users/paulramotowski/Documents/GitHub/amazon-price-tracker/tests/component/test-settings-controller.php" tests="18" assertions="46" errors="0" warnings="0" failures="0" skipped="0" time="0.189684">
        <testcase name="test_get_settings_requires_authentication" class="Test_Settings_Controller_Component" classname="Test_Settings_Controller_Component" file="/Users/paulramotowski/Documents/GitHub/amazon-price-tracker/tests/component/test-settings-controller.php" line="99" assertions="1" time="0.004037"/>
        <testcase name="test_get_settings_returns_not_found_when_unconfigured" class="Test_Settings_Controller_Component" classname="Test_Settings_Controller_Component" file="/Users/paulramotowski/Documents/GitHub/amazon-price-tracker/tests/component/test-settings-controller.php" line="105" assertions="2" time="0.010039"/>
        <testcase name="test_get_settings_returns_masked_creators_credential_and_version_but_never_the_secret" class="Test_Settings_Controller_Component" classname="Test_Settings_Controller_Component" file="/Users/paulramotowski/Documents/GitHub/amazon-price-tracker/tests/component/test-settings-controller.php" line="114" assertions="7" time="0.009938"/>
        <testcase name="test_put_settings_creates_new_settings_row" class="Test_Settings_Controller_Component" classname="Test_Settings_Controller_Component" file="/Users/paulramotowski/Documents/GitHub/amazon-price-tracker/tests/component/test-settings-controller.php" line="136" assertions="7" time="0.010614"/>
        <testcase name="test_put_settings_initial_setup_requires_full_creators_credential_set" class="Test_Settings_Controller_Component" classname="Test_Settings_Controller_Component" file="/Users/paulramotowski/Documents/GitHub/amazon-price-tracker/tests/component/test-settings-controller.php" line="162" assertions="4" time="0.010853"/>
        <testcase name="test_put_settings_rejects_invalid_creators_credential_version" class="Test_Settings_Controller_Component" classname="Test_Settings_Controller_Component" file="/Users/paulramotowski/Documents/GitHub/amazon-price-tracker/tests/component/test-settings-controller.php" line="175" assertions="2" time="0.011151"/>
        <testcase name="test_put_settings_rejects_non_object_partner_tags" class="Test_Settings_Controller_Component" classname="Test_Settings_Controller_Component" file="/Users/paulramotowski/Documents/GitHub/amazon-price-tracker/tests/component/test-settings-controller.php" line="188" assertions="2" time="0.010862"/>
        <testcase name="test_put_settings_rejects_invalid_region_code_in_partner_tags" class="Test_Settings_Controller_Component" classname="Test_Settings_Controller_Component" file="/Users/paulramotowski/Documents/GitHub/amazon-price-tracker/tests/component/test-settings-controller.php" line="207" assertions="2" time="0.011158"/>
        <testcase name="test_put_settings_rejects_empty_partner_tag_value" class="Test_Settings_Controller_Component" classname="Test_Settings_Controller_Component" file="/Users/paulramotowski/Documents/GitHub/amazon-price-tracker/tests/component/test-settings-controller.php" line="218" assertions="2" time="0.010153"/>
        <testcase name="test_put_settings_partial_update_leaves_other_fields_untouched" class="Test_Settings_Controller_Component" classname="Test_Settings_Controller_Component" file="/Users/paulramotowski/Documents/GitHub/amazon-price-tracker/tests/component/test-settings-controller.php" line="231" assertions="4" time="0.010183"/>
        <testcase name="test_put_settings_merges_partner_tags_rather_than_replacing" class="Test_Settings_Controller_Component" classname="Test_Settings_Controller_Component" file="/Users/paulramotowski/Documents/GitHub/amazon-price-tracker/tests/component/test-settings-controller.php" line="250" assertions="2" time="0.009953"/>
        <testcase name="test_delete_partner_tag_returns_not_found_when_unconfigured" class="Test_Settings_Controller_Component" classname="Test_Settings_Controller_Component" file="/Users/paulramotowski/Documents/GitHub/amazon-price-tracker/tests/component/test-settings-controller.php" line="263" assertions="1" time="0.009659"/>
        <testcase name="test_delete_partner_tag_returns_not_found_when_region_not_configured" class="Test_Settings_Controller_Component" classname="Test_Settings_Controller_Component" file="/Users/paulramotowski/Documents/GitHub/amazon-price-tracker/tests/component/test-settings-controller.php" line="271" assertions="1" time="0.023643"/>
        <testcase name="test_delete_partner_tag_removes_region_and_returns_no_content" class="Test_Settings_Controller_Component" classname="Test_Settings_Controller_Component" file="/Users/paulramotowski/Documents/GitHub/amazon-price-tracker/tests/component/test-settings-controller.php" line="280" assertions="2" time="0.010388"/>
        <testcase name="test_validate_credentials_requires_authentication" class="Test_Settings_Controller_Component" classname="Test_Settings_Controller_Component" file="/Users/paulramotowski/Documents/GitHub/amazon-price-tracker/tests/component/test-settings-controller.php" line="298" assertions="1" time="0.004663"/>
        <testcase name="test_validate_credentials_not_configured" class="Test_Settings_Controller_Component" classname="Test_Settings_Controller_Component" file="/Users/paulramotowski/Documents/GitHub/amazon-price-tracker/tests/component/test-settings-controller.php" line="304" assertions="2" time="0.009903"/>
        <testcase name="test_validate_credentials_valid_when_amazon_reachable" class="Test_Settings_Controller_Component" classname="Test_Settings_Controller_Component" file="/Users/paulramotowski/Documents/GitHub/amazon-price-tracker/tests/component/test-settings-controller.php" line="320" assertions="2" time="0.010369"/>
        <testcase name="test_validate_credentials_invalid_when_amazon_unreachable" class="Test_Settings_Controller_Component" classname="Test_Settings_Controller_Component" file="/Users/paulramotowski/Documents/GitHub/amazon-price-tracker/tests/component/test-settings-controller.php" line="335" assertions="2" time="0.012119"/>
      </testsuite>
      <testsuite name="Test_Stats_Controller_Component" file="/Users/paulramotowski/Documents/GitHub/amazon-price-tracker/tests/component/test-stats-controller.php" tests="14" assertions="35" errors="0" warnings="0" failures="0" skipped="0" time="0.319721">
        <testcase name="test_get_stats_requires_authentication" class="Test_Stats_Controller_Component" classname="Test_Stats_Controller_Component" file="/Users/paulramotowski/Documents/GitHub/amazon-price-tracker/tests/component/test-stats-controller.php" line="100" assertions="2" time="0.004815"/>
        <testcase name="test_get_user_stats_requires_authentication" class="Test_Stats_Controller_Component" classname="Test_Stats_Controller_Component" file="/Users/paulramotowski/Documents/GitHub/amazon-price-tracker/tests/component/test-stats-controller.php" line="107" assertions="2" time="0.006808"/>
        <testcase name="test_get_stats_returns_global_counts" class="Test_Stats_Controller_Component" classname="Test_Stats_Controller_Component" file="/Users/paulramotowski/Documents/GitHub/amazon-price-tracker/tests/component/test-stats-controller.php" line="114" assertions="6" time="0.042857"/>
        <testcase name="test_get_stats_includes_fresh_user_stats_for_subscriber" class="Test_Stats_Controller_Component" classname="Test_Stats_Controller_Component" file="/Users/paulramotowski/Documents/GitHub/amazon-price-tracker/tests/component/test-stats-controller.php" line="146" assertions="1" time="0.042240"/>
        <testcase name="test_get_stats_omits_last_refresh_for_non_admin" class="Test_Stats_Controller_Component" classname="Test_Stats_Controller_Component" file="/Users/paulramotowski/Documents/GitHub/amazon-price-tracker/tests/component/test-stats-controller.php" line="167" assertions="2" time="0.013151"/>
        <testcase name="test_get_stats_includes_last_refresh_for_admin" class="Test_Stats_Controller_Component" classname="Test_Stats_Controller_Component" file="/Users/paulramotowski/Documents/GitHub/amazon-price-tracker/tests/component/test-stats-controller.php" line="177" assertions="3" time="0.040569"/>
        <testcase name="test_get_stats_last_refresh_is_null_for_admin_with_no_price_records" class="Test_Stats_Controller_Component" classname="Test_Stats_Controller_Component" file="/Users/paulramotowski/Documents/GitHub/amazon-price-tracker/tests/component/test-stats-controller.php" line="194" assertions="2" time="0.035962"/>
        <testcase name="test_get_stats_global_counts_are_cached_but_user_stats_are_not" class="Test_Stats_Controller_Component" classname="Test_Stats_Controller_Component" file="/Users/paulramotowski/Documents/GitHub/amazon-price-tracker/tests/component/test-stats-controller.php" line="205" assertions="3" time="0.035587"/>
        <testcase name="test_clear_cache_forces_global_recompute" class="Test_Stats_Controller_Component" classname="Test_Stats_Controller_Component" file="/Users/paulramotowski/Documents/GitHub/amazon-price-tracker/tests/component/test-stats-controller.php" line="224" assertions="2" time="0.037511"/>
        <testcase name="test_get_user_stats_counts_and_limits_for_subscriber" class="Test_Stats_Controller_Component" classname="Test_Stats_Controller_Component" file="/Users/paulramotowski/Documents/GitHub/amazon-price-tracker/tests/component/test-stats-controller.php" line="238" assertions="6" time="0.016418"/>
        <testcase name="test_get_user_stats_remaining_today_is_clamped_at_zero" class="Test_Stats_Controller_Component" classname="Test_Stats_Controller_Component" file="/Users/paulramotowski/Documents/GitHub/amazon-price-tracker/tests/component/test-stats-controller.php" line="265" assertions="1" time="0.012243"/>
        <testcase name="test_get_user_stats_admin_has_no_limit" class="Test_Stats_Controller_Component" classname="Test_Stats_Controller_Component" file="/Users/paulramotowski/Documents/GitHub/amazon-price-tracker/tests/component/test-stats-controller.php" line="278" assertions="3" time="0.010403"/>
        <testcase name="test_get_user_stats_configured_regions_from_partner_tags" class="Test_Stats_Controller_Component" classname="Test_Stats_Controller_Component" file="/Users/paulramotowski/Documents/GitHub/amazon-price-tracker/tests/component/test-stats-controller.php" line="289" assertions="1" time="0.010223"/>
        <testcase name="test_get_user_stats_configured_regions_empty_without_settings" class="Test_Stats_Controller_Component" classname="Test_Stats_Controller_Component" file="/Users/paulramotowski/Documents/GitHub/amazon-price-tracker/tests/component/test-stats-controller.php" line="307" assertions="1" time="0.010934"/>
      </testsuite>
    </testsuite>
  </testsuite>
</testsuites>
